[0523/122928.063:ERROR:process_memory_win.cc(73)] ReadMemory at 0x7ff66cc50000 of 64 bytes failed: Seule une partie d’une requête ReadProcessMemory ou WriteProcessMemory a été effectuée. (0x12B)
[0523/122928.436:WARNING:pe_image_reader.cc(340)] could not read dos header from C:\Program Files (x86)\Google\Chrome\Application\chrome.exe
[0523/122928.436:ERROR:process_memory_win.cc(73)] ReadMemory at 0x7ffbf3e70000 of 64 bytes failed: Seule une partie d’une requête ReadProcessMemory ou WriteProcessMemory a été effectuée. (0x12B)
[0523/122928.436:WARNING:pe_image_reader.cc(340)] could not read dos header from C:\WINDOWS\SYSTEM32\ntdll.dll
[0523/122928.436:ERROR:process_memory_win.cc(73)] ReadMemory at 0x7ffbf19c0000 of 64 bytes failed: Seule une partie d’une requête ReadProcessMemory ou WriteProcessMemory a été effectuée. (0x12B)
[0523/122928.441:WARNING:pe_image_reader.cc(340)] could not read dos header from C:\WINDOWS\System32\KERNEL32.DLL
[0523/122928.441:ERROR:process_memory_win.cc(73)] ReadMemory at 0x7ffbf0fc0000 of 64 bytes failed: Seule une partie d’une requête ReadProcessMemory ou WriteProcessMemory a été effectuée. (0x12B)
[0523/122928.441:WARNING:pe_image_reader.cc(340)] could not read dos header from C:\WINDOWS\System32\KERNELBASE.dll
[0523/122928.441:ERROR:process_memory_win.cc(73)] ReadMemory at 0x7ffb9e4a0000 of 64 bytes failed: Seule une partie d’une requête ReadProcessMemory ou WriteProcessMemory a été effectuée. (0x12B)
[0523/122928.441:WARNING:pe_image_reader.cc(340)] could not read dos header from C:\Program Files (x86)\Google\Chrome\Application\81.0.4044.138\chrome_elf.dll
[0523/122928.441:ERROR:process_memory_win.cc(73)] ReadMemory at 0x7ffbebcc0000 of 64 bytes failed: Seule une partie d’une requête ReadProcessMemory ou WriteProcessMemory a été effectuée. (0x12B)
[0523/122928.441:WARNING:pe_image_reader.cc(340)] could not read dos header from C:\WINDOWS\SYSTEM32\VERSION.dll
[0523/122928.441:ERROR:process_memory_win.cc(73)] ReadMemory at 0x7ffbf3d50000 of 64 bytes failed: Seule une partie d’une requête ReadProcessMemory ou WriteProcessMemory a été effectuée. (0x12B)
[0523/122928.441:WARNING:pe_image_reader.cc(340)] could not read dos header from C:\WINDOWS\System32\msvcrt.dll
[0523/122928.441:ERROR:process_memory_win.cc(73)] ReadMemory at 0x7ffbf1240000 of 64 bytes failed: Seule une partie d’une requête ReadProcessMemory ou WriteProcessMemory a été effectuée. (0x12B)
[0523/122928.441:WARNING:pe_image_reader.cc(340)] could not read dos header from C:\WINDOWS\System32\bcryptPrimitives.dll
[0523/122928.441:ERROR:process_memory_win.cc(73)] ReadMemory at 0x7ffbf3290000 of 64 bytes failed: Seule une partie d’une requête ReadProcessMemory ou WriteProcessMemory a été effectuée. (0x12B)
[0523/122928.441:WARNING:pe_image_reader.cc(340)] could not read dos header from C:\WINDOWS\System32\ADVAPI32.dll
[0523/122928.441:ERROR:process_memory_win.cc(73)] ReadMemory at 0x7ffbf16f0000 of 64 bytes failed: Seule une partie d’une requête ReadProcessMemory ou WriteProcessMemory a été effectuée. (0x12B)
[0523/122928.441:WARNING:pe_image_reader.cc(340)] could not read dos header from C:\WINDOWS\System32\sechost.dll
[0523/122928.441:ERROR:process_memory_win.cc(73)] ReadMemory at 0x7ffbf1760000 of 64 bytes failed: Seule une partie d’une requête ReadProcessMemory ou WriteProcessMemory a été effectuée. (0x12B)
[0523/122928.441:WARNING:pe_image_reader.cc(340)] could not read dos header from C:\WINDOWS\System32\RPCRT4.dll
[0523/122928.441:ERROR:process_memory_win.cc(73)] ReadMemory at 0x7ffb80e90000 of 64 bytes failed: Seule une partie d’une requête ReadProcessMemory ou WriteProcessMemory a été effectuée. (0x12B)
[0523/122928.441:WARNING:pe_image_reader.cc(340)] could not read dos header from C:\Program Files (x86)\Google\Chrome\Application\81.0.4044.138\chrome.dll
[0523/122928.441:ERROR:process_memory_win.cc(73)] ReadMemory at 0x7ffbf1dd0000 of 64 bytes failed: Seule une partie d’une requête ReadProcessMemory ou WriteProcessMemory a été effectuée. (0x12B)
[0523/122928.441:WARNING:pe_image_reader.cc(340)] could not read dos header from C:\WINDOWS\System32\WS2_32.dll
[0523/122928.441:ERROR:process_memory_win.cc(73)] ReadMemory at 0x7ffbf1d00000 of 64 bytes failed: Seule une partie d’une requête ReadProcessMemory ou WriteProcessMemory a été effectuée. (0x12B)
[0523/122928.441:WARNING:pe_image_reader.cc(340)] could not read dos header from C:\WINDOWS\System32\OLEAUT32.dll
[0523/122928.441:ERROR:process_memory_win.cc(73)] ReadMemory at 0x7ffbf0490000 of 64 bytes failed: Seule une partie d’une requête ReadProcessMemory ou WriteProcessMemory a été effectuée. (0x12B)
[0523/122928.441:WARNING:pe_image_reader.cc(340)] could not read dos header from C:\WINDOWS\System32\msvcp_win.dll
[0523/122928.441:ERROR:process_memory_win.cc(73)] ReadMemory at 0x7ffbf06d0000 of 64 bytes failed: Seule une partie d’une requête ReadProcessMemory ou WriteProcessMemory a été effectuée. (0x12B)
[0523/122928.441:WARNING:pe_image_reader.cc(340)] could not read dos header from C:\WINDOWS\System32\ucrtbase.dll
[0523/122928.442:ERROR:process_memory_win.cc(73)] ReadMemory at 0x7ffbf33a0000 of 64 bytes failed: Seule une partie d’une requête ReadProcessMemory ou WriteProcessMemory a été effectuée. (0x12B)
[0523/122928.442:WARNING:pe_image_reader.cc(340)] could not read dos header from C:\WINDOWS\System32\combase.dll
[0523/122928.442:ERROR:process_memory_win.cc(73)] ReadMemory at 0x7ffbf0820000 of 64 bytes failed: Seule une partie d’une requête ReadProcessMemory ou WriteProcessMemory a été effectuée. (0x12B)
[0523/122928.442:WARNING:pe_image_reader.cc(340)] could not read dos header from C:\WINDOWS\System32\WINTRUST.dll
[0523/122928.442:ERROR:process_memory_win.cc(73)] ReadMemory at 0x7ffbf0180000 of 64 bytes failed: Seule une partie d’une requête ReadProcessMemory ou WriteProcessMemory a été effectuée. (0x12B)
[0523/122928.442:WARNING:pe_image_reader.cc(340)] could not read dos header from C:\WINDOWS\System32\MSASN1.dll
[0523/122928.442:ERROR:process_memory_win.cc(73)] ReadMemory at 0x7ffbf02a0000 of 64 bytes failed: Seule une partie d’une requête ReadProcessMemory ou WriteProcessMemory a été effectuée. (0x12B)
[0523/122928.442:WARNING:pe_image_reader.cc(340)] could not read dos header from C:\WINDOWS\System32\CRYPT32.dll
[0523/122928.442:ERROR:process_memory_win.cc(73)] ReadMemory at 0x7ffbef6a0000 of 64 bytes failed: Seule une partie d’une requête ReadProcessMemory ou WriteProcessMemory a été effectuée. (0x12B)
[0523/122928.442:WARNING:pe_image_reader.cc(340)] could not read dos header from C:\WINDOWS\SYSTEM32\IPHLPAPI.DLL
[0523/122928.442:ERROR:process_memory_win.cc(73)] ReadMemory at 0x7ffbed210000 of 64 bytes failed: Seule une partie d’une requête ReadProcessMemory ou WriteProcessMemory a été effectuée. (0x12B)
[0523/122928.442:WARNING:pe_image_reader.cc(340)] could not read dos header from C:\WINDOWS\SYSTEM32\WINMM.dll
[0523/122928.442:ERROR:process_memory_win.cc(73)] ReadMemory at 0x7ffbdd170000 of 64 bytes failed: Seule une partie d’une requête ReadProcessMemory ou WriteProcessMemory a été effectuée. (0x12B)
[0523/122928.442:WARNING:pe_image_reader.cc(340)] could not read dos header from C:\WINDOWS\SYSTEM32\Secur32.dll
[0523/122928.442:ERROR:process_memory_win.cc(73)] ReadMemory at 0x7ffbf0030000 of 64 bytes failed: Seule une partie d’une requête ReadProcessMemory ou WriteProcessMemory a été effectuée. (0x12B)
[0523/122928.442:WARNING:pe_image_reader.cc(340)] could not read dos header from C:\WINDOWS\SYSTEM32\USERENV.dll
[0523/122928.442:ERROR:process_memory_win.cc(73)] ReadMemory at 0x7ffbf01b0000 of 64 bytes failed: Seule une partie d’une requête ReadProcessMemory ou WriteProcessMemory a été effectuée. (0x12B)
[0523/122928.442:WARNING:pe_image_reader.cc(340)] could not read dos header from C:\WINDOWS\System32\profapi.dll
[0523/122928.442:ERROR:process_memory_win.cc(73)] ReadMemory at 0x7ffbc2fa0000 of 64 bytes failed: Seule une partie d’une requête ReadProcessMemory ou WriteProcessMemory a été effectuée. (0x12B)
[0523/122928.442:WARNING:pe_image_reader.cc(340)] could not read dos header from C:\WINDOWS\SYSTEM32\UIAutomationCore.DLL
[0523/122928.442:ERROR:process_memory_win.cc(73)] ReadMemory at 0x7ffbdde50000 of 64 bytes failed: Seule une partie d’une requête ReadProcessMemory ou WriteProcessMemory a été effectuée. (0x12B)
[0523/122928.442:WARNING:pe_image_reader.cc(340)] could not read dos header from C:\WINDOWS\SYSTEM32\DWrite.dll
[0523/122928.442:ERROR:process_memory_win.cc(73)] ReadMemory at 0x7ffbe9600000 of 64 bytes failed: Seule une partie d’une requête ReadProcessMemory ou WriteProcessMemory a été effectuée. (0x12B)
[0523/122928.442:WARNING:pe_image_reader.cc(340)] could not read dos header from C:\WINDOWS\SYSTEM32\WINSPOOL.DRV
[0523/122928.442:ERROR:process_memory_win.cc(73)] ReadMemory at 0x7ffbf01d0000 of 64 bytes failed: Seule une partie d’une requête ReadProcessMemory ou WriteProcessMemory a été effectuée. (0x12B)
[0523/122928.442:WARNING:pe_image_reader.cc(340)] could not read dos header from C:\WINDOWS\System32\kernel.appcore.dll
[0523/122928.442:ERROR:process_memory_win.cc(73)] ReadMemory at 0x7ffbeeb50000 of 64 bytes failed: Seule une partie d’une requête ReadProcessMemory ou WriteProcessMemory a été effectuée. (0x12B)
[0523/122928.442:WARNING:pe_image_reader.cc(340)] could not read dos header from C:\WINDOWS\SYSTEM32\dbghelp.dll
[0523/122928.442:ERROR:process_memory_win.cc(73)] ReadMemory at 0x7ffbeb5b0000 of 64 bytes failed: Seule une partie d’une requête ReadProcessMemory ou WriteProcessMemory a été effectuée. (0x12B)
[0523/122928.442:WARNING:pe_image_reader.cc(340)] could not read dos header from C:\WINDOWS\SYSTEM32\WINHTTP.dll
[0523/122928.442:ERROR:process_memory_win.cc(73)] ReadMemory at 0x7ffbe78a0000 of 64 bytes failed: Seule une partie d’une requête ReadProcessMemory ou WriteProcessMemory a été effectuée. (0x12B)
[0523/122928.442:WARNING:pe_image_reader.cc(340)] could not read dos header from C:\WINDOWS\SYSTEM32\dhcpcsvc.DLL
[0523/122928.442:ERROR:process_memory_win.cc(73)] ReadMemory at 0x7ffbf1580000 of 64 bytes failed: Seule une partie d’une requête ReadProcessMemory ou WriteProcessMemory a été effectuée. (0x12B)
[0523/122928.442:WARNING:pe_image_reader.cc(340)] could not read dos header from C:\WINDOWS\System32\NSI.dll
[0523/122928.442:ERROR:process_memory_win.cc(73)] ReadMemory at 0x7ffbed030000 of 64 bytes failed: Seule une partie d’une requête ReadProcessMemory ou WriteProcessMemory a été effectuée. (0x12B)
[0523/122928.442:WARNING:pe_image_reader.cc(340)] could not read dos header from C:\WINDOWS\SYSTEM32\WINMMBASE.dll
[0523/122928.442:ERROR:process_memory_win.cc(73)] ReadMemory at 0x7ffbf07d0000 of 64 bytes failed: Seule une partie d’une requête ReadProcessMemory ou WriteProcessMemory a été effectuée. (0x12B)
[0523/122928.442:WARNING:pe_image_reader.cc(340)] could not read dos header from C:\WINDOWS\System32\cfgmgr32.dll
[0523/122928.443:ERROR:process_memory_win.cc(73)] ReadMemory at 0x7ffbee2a0000 of 64 bytes failed: Seule une partie d’une requête ReadProcessMemory ou WriteProcessMemory a été effectuée. (0x12B)
[0523/122928.443:WARNING:pe_image_reader.cc(340)] could not read dos header from C:\WINDOWS\SYSTEM32\PROPSYS.dll
[0523/122928.443:ERROR:process_memory_win.cc(73)] ReadMemory at 0x7ffbf1890000 of 64 bytes failed: Seule une partie d’une requête ReadProcessMemory ou WriteProcessMemory a été effectuée. (0x12B)
[0523/122928.443:WARNING:pe_image_reader.cc(340)] could not read dos header from C:\WINDOWS\System32\shcore.dll
[0523/122928.443:ERROR:process_memory_win.cc(73)] ReadMemory at 0x7ffbefc30000 of 64 bytes failed: Seule une partie d’une requête ReadProcessMemory ou WriteProcessMemory a été effectuée. (0x12B)
[0523/122928.443:WARNING:pe_image_reader.cc(340)] could not read dos header from C:\WINDOWS\SYSTEM32\bcrypt.dll
[0523/122928.443:ERROR:process_memory_win.cc(73)] ReadMemory at 0x7ffbf0060000 of 64 bytes failed: Seule une partie d’une requête ReadProcessMemory ou WriteProcessMemory a été effectuée. (0x12B)
[0523/122928.443:WARNING:pe_image_reader.cc(340)] could not read dos header from C:\WINDOWS\SYSTEM32\SSPICLI.DLL
[0523/122928.443:ERROR:process_memory_win.cc(73)] ReadMemory at 0x7ffbefb00000 of 64 bytes failed: Seule une partie d’une requête ReadProcessMemory ou WriteProcessMemory a été effectuée. (0x12B)
[0523/122928.443:WARNING:pe_image_reader.cc(340)] could not read dos header from C:\WINDOWS\SYSTEM32\CRYPTBASE.DLL
[0523/122928.529:ERROR:process_memory_win.cc(73)] ReadMemory at 0x7ff66cc50000 of 64 bytes failed: Seule une partie d’une requête ReadProcessMemory ou WriteProcessMemory a été effectuée. (0x12B)
[0523/122928.529:WARNING:pe_image_reader.cc(340)] could not read dos header from C:\Program Files (x86)\Google\Chrome\Application\chrome.exe
[0523/122928.530:ERROR:process_memory_win.cc(73)] ReadMemory at 0x7ffbf3e70000 of 64 bytes failed: Seule une partie d’une requête ReadProcessMemory ou WriteProcessMemory a été effectuée. (0x12B)
[0523/122928.530:WARNING:pe_image_reader.cc(340)] could not read dos header from C:\WINDOWS\SYSTEM32\ntdll.dll
[0523/122928.530:ERROR:process_memory_win.cc(73)] ReadMemory at 0x7ffbf19c0000 of 64 bytes failed: Seule une partie d’une requête ReadProcessMemory ou WriteProcessMemory a été effectuée. (0x12B)
[0523/122928.530:WARNING:pe_image_reader.cc(340)] could not read dos header from C:\WINDOWS\System32\KERNEL32.DLL
[0523/122928.530:ERROR:process_memory_win.cc(73)] ReadMemory at 0x7ffbf0fc0000 of 64 bytes failed: Seule une partie d’une requête ReadProcessMemory ou WriteProcessMemory a été effectuée. (0x12B)
[0523/122928.530:WARNING:pe_image_reader.cc(340)] could not read dos header from C:\WINDOWS\System32\KERNELBASE.dll
[0523/122928.530:ERROR:process_memory_win.cc(73)] ReadMemory at 0x7ffb9e4a0000 of 64 bytes failed: Seule une partie d’une requête ReadProcessMemory ou WriteProcessMemory a été effectuée. (0x12B)
[0523/122928.530:WARNING:pe_image_reader.cc(340)] could not read dos header from C:\Program Files (x86)\Google\Chrome\Application\81.0.4044.138\chrome_elf.dll
[0523/122928.530:ERROR:process_memory_win.cc(73)] ReadMemory at 0x7ffbebcc0000 of 64 bytes failed: Seule une partie d’une requête ReadProcessMemory ou WriteProcessMemory a été effectuée. (0x12B)
[0523/122928.530:WARNING:pe_image_reader.cc(340)] could not read dos header from C:\WINDOWS\SYSTEM32\VERSION.dll
[0523/122928.530:ERROR:process_memory_win.cc(73)] ReadMemory at 0x7ffbf3d50000 of 64 bytes failed: Seule une partie d’une requête ReadProcessMemory ou WriteProcessMemory a été effectuée. (0x12B)
[0523/122928.530:WARNING:pe_image_reader.cc(340)] could not read dos header from C:\WINDOWS\System32\msvcrt.dll
[0523/122928.530:ERROR:process_memory_win.cc(73)] ReadMemory at 0x7ffbf1240000 of 64 bytes failed: Seule une partie d’une requête ReadProcessMemory ou WriteProcessMemory a été effectuée. (0x12B)
[0523/122928.530:WARNING:pe_image_reader.cc(340)] could not read dos header from C:\WINDOWS\System32\bcryptPrimitives.dll
[0523/122928.530:ERROR:process_memory_win.cc(73)] ReadMemory at 0x7ffbf3290000 of 64 bytes failed: Seule une partie d’une requête ReadProcessMemory ou WriteProcessMemory a été effectuée. (0x12B)
[0523/122928.530:WARNING:pe_image_reader.cc(340)] could not read dos header from C:\WINDOWS\System32\ADVAPI32.dll
[0523/122928.530:ERROR:process_memory_win.cc(73)] ReadMemory at 0x7ffbf16f0000 of 64 bytes failed: Seule une partie d’une requête ReadProcessMemory ou WriteProcessMemory a été effectuée. (0x12B)
[0523/122928.530:WARNING:pe_image_reader.cc(340)] could not read dos header from C:\WINDOWS\System32\sechost.dll
[0523/122928.530:ERROR:process_memory_win.cc(73)] ReadMemory at 0x7ffbf1760000 of 64 bytes failed: Seule une partie d’une requête ReadProcessMemory ou WriteProcessMemory a été effectuée. (0x12B)
[0523/122928.530:WARNING:pe_image_reader.cc(340)] could not read dos header from C:\WINDOWS\System32\RPCRT4.dll
[0523/122928.530:ERROR:process_memory_win.cc(73)] ReadMemory at 0x7ffb80e90000 of 64 bytes failed: Seule une partie d’une requête ReadProcessMemory ou WriteProcessMemory a été effectuée. (0x12B)
[0523/122928.530:WARNING:pe_image_reader.cc(340)] could not read dos header from C:\Program Files (x86)\Google\Chrome\Application\81.0.4044.138\chrome.dll
[0523/122928.530:ERROR:process_memory_win.cc(73)] ReadMemory at 0x7ffbf1dd0000 of 64 bytes failed: Seule une partie d’une requête ReadProcessMemory ou WriteProcessMemory a été effectuée. (0x12B)
[0523/122928.530:WARNING:pe_image_reader.cc(340)] could not read dos header from C:\WINDOWS\System32\WS2_32.dll
[0523/122928.530:ERROR:process_memory_win.cc(73)] ReadMemory at 0x7ffbf1d00000 of 64 bytes failed: Seule une partie d’une requête ReadProcessMemory ou WriteProcessMemory a été effectuée. (0x12B)
[0523/122928.530:WARNING:pe_image_reader.cc(340)] could not read dos header from C:\WINDOWS\System32\OLEAUT32.dll
[0523/122928.530:ERROR:process_memory_win.cc(73)] ReadMemory at 0x7ffbf0490000 of 64 bytes failed: Seule une partie d’une requête ReadProcessMemory ou WriteProcessMemory a été effectuée. (0x12B)
[0523/122928.530:WARNING:pe_image_reader.cc(340)] could not read dos header from C:\WINDOWS\System32\msvcp_win.dll
[0523/122928.530:ERROR:process_memory_win.cc(73)] ReadMemory at 0x7ffbf06d0000 of 64 bytes failed: Seule une partie d’une requête ReadProcessMemory ou WriteProcessMemory a été effectuée. (0x12B)
[0523/122928.530:WARNING:pe_image_reader.cc(340)] could not read dos header from C:\WINDOWS\System32\ucrtbase.dll
[0523/122928.530:ERROR:process_memory_win.cc(73)] ReadMemory at 0x7ffbf33a0000 of 64 bytes failed: Seule une partie d’une requête ReadProcessMemory ou WriteProcessMemory a été effectuée. (0x12B)
[0523/122928.530:WARNING:pe_image_reader.cc(340)] could not read dos header from C:\WINDOWS\System32\combase.dll
[0523/122928.530:ERROR:process_memory_win.cc(73)] ReadMemory at 0x7ffbf0820000 of 64 bytes failed: Seule une partie d’une requête ReadProcessMemory ou WriteProcessMemory a été effectuée. (0x12B)
[0523/122928.530:WARNING:pe_image_reader.cc(340)] could not read dos header from C:\WINDOWS\System32\WINTRUST.dll
[0523/122928.530:ERROR:process_memory_win.cc(73)] ReadMemory at 0x7ffbf0180000 of 64 bytes failed: Seule une partie d’une requête ReadProcessMemory ou WriteProcessMemory a été effectuée. (0x12B)
[0523/122928.531:WARNING:pe_image_reader.cc(340)] could not read dos header from C:\WINDOWS\System32\MSASN1.dll
[0523/122928.531:ERROR:process_memory_win.cc(73)] ReadMemory at 0x7ffbf02a0000 of 64 bytes failed: Seule une partie d’une requête ReadProcessMemory ou WriteProcessMemory a été effectuée. (0x12B)
[0523/122928.531:WARNING:pe_image_reader.cc(340)] could not read dos header from C:\WINDOWS\System32\CRYPT32.dll
[0523/122928.531:ERROR:process_memory_win.cc(73)] ReadMemory at 0x7ffbef6a0000 of 64 bytes failed: Seule une partie d’une requête ReadProcessMemory ou WriteProcessMemory a été effectuée. (0x12B)
[0523/122928.531:WARNING:pe_image_reader.cc(340)] could not read dos header from C:\WINDOWS\SYSTEM32\IPHLPAPI.DLL
[0523/122928.531:ERROR:process_memory_win.cc(73)] ReadMemory at 0x7ffbed210000 of 64 bytes failed: Seule une partie d’une requête ReadProcessMemory ou WriteProcessMemory a été effectuée. (0x12B)
[0523/122928.531:WARNING:pe_image_reader.cc(340)] could not read dos header from C:\WINDOWS\SYSTEM32\WINMM.dll
[0523/122928.531:ERROR:process_memory_win.cc(73)] ReadMemory at 0x7ffbdd170000 of 64 bytes failed: Seule une partie d’une requête ReadProcessMemory ou WriteProcessMemory a été effectuée. (0x12B)
[0523/122928.531:WARNING:pe_image_reader.cc(340)] could not read dos header from C:\WINDOWS\SYSTEM32\Secur32.dll
[0523/122928.531:ERROR:process_memory_win.cc(73)] ReadMemory at 0x7ffbf0030000 of 64 bytes failed: Seule une partie d’une requête ReadProcessMemory ou WriteProcessMemory a été effectuée. (0x12B)
[0523/122928.531:WARNING:pe_image_reader.cc(340)] could not read dos header from C:\WINDOWS\SYSTEM32\USERENV.dll
[0523/122928.531:ERROR:process_memory_win.cc(73)] ReadMemory at 0x7ffbf01b0000 of 64 bytes failed: Seule une partie d’une requête ReadProcessMemory ou WriteProcessMemory a été effectuée. (0x12B)
[0523/122928.531:WARNING:pe_image_reader.cc(340)] could not read dos header from C:\WINDOWS\System32\profapi.dll
[0523/122928.531:ERROR:process_memory_win.cc(73)] ReadMemory at 0x7ffbc2fa0000 of 64 bytes failed: Seule une partie d’une requête ReadProcessMemory ou WriteProcessMemory a été effectuée. (0x12B)
[0523/122928.531:WARNING:pe_image_reader.cc(340)] could not read dos header from C:\WINDOWS\SYSTEM32\UIAutomationCore.DLL
[0523/122928.531:ERROR:process_memory_win.cc(73)] ReadMemory at 0x7ffbdde50000 of 64 bytes failed: Seule une partie d’une requête ReadProcessMemory ou WriteProcessMemory a été effectuée. (0x12B)
[0523/122928.531:WARNING:pe_image_reader.cc(340)] could not read dos header from C:\WINDOWS\SYSTEM32\DWrite.dll
[0523/122928.531:ERROR:process_memory_win.cc(73)] ReadMemory at 0x7ffbe9600000 of 64 bytes failed: Seule une partie d’une requête ReadProcessMemory ou WriteProcessMemory a été effectuée. (0x12B)
[0523/122928.531:WARNING:pe_image_reader.cc(340)] could not read dos header from C:\WINDOWS\SYSTEM32\WINSPOOL.DRV
[0523/122928.531:ERROR:process_memory_win.cc(73)] ReadMemory at 0x7ffbf01d0000 of 64 bytes failed: Seule une partie d’une requête ReadProcessMemory ou WriteProcessMemory a été effectuée. (0x12B)
[0523/122928.531:WARNING:pe_image_reader.cc(340)] could not read dos header from C:\WINDOWS\System32\kernel.appcore.dll
[0523/122928.531:ERROR:process_memory_win.cc(73)] ReadMemory at 0x7ffbeeb50000 of 64 bytes failed: Seule une partie d’une requête ReadProcessMemory ou WriteProcessMemory a été effectuée. (0x12B)
[0523/122928.531:WARNING:pe_image_reader.cc(340)] could not read dos header from C:\WINDOWS\SYSTEM32\dbghelp.dll
[0523/122928.531:ERROR:process_memory_win.cc(73)] ReadMemory at 0x7ffbeb5b0000 of 64 bytes failed: Seule une partie d’une requête ReadProcessMemory ou WriteProcessMemory a été effectuée. (0x12B)
[0523/122928.531:WARNING:pe_image_reader.cc(340)] could not read dos header from C:\WINDOWS\SYSTEM32\WINHTTP.dll
[0523/122928.531:ERROR:process_memory_win.cc(73)] ReadMemory at 0x7ffbe78a0000 of 64 bytes failed: Seule une partie d’une requête ReadProcessMemory ou WriteProcessMemory a été effectuée. (0x12B)
[0523/122928.531:WARNING:pe_image_reader.cc(340)] could not read dos header from C:\WINDOWS\SYSTEM32\dhcpcsvc.DLL
[0523/122928.531:ERROR:process_memory_win.cc(73)] ReadMemory at 0x7ffbf1580000 of 64 bytes failed: Seule une partie d’une requête ReadProcessMemory ou WriteProcessMemory a été effectuée. (0x12B)
[0523/122928.531:WARNING:pe_image_reader.cc(340)] could not read dos header from C:\WINDOWS\System32\NSI.dll
[0523/122928.531:ERROR:process_memory_win.cc(73)] ReadMemory at 0x7ffbed030000 of 64 bytes failed: Seule une partie d’une requête ReadProcessMemory ou WriteProcessMemory a été effectuée. (0x12B)
[0523/122928.531:WARNING:pe_image_reader.cc(340)] could not read dos header from C:\WINDOWS\SYSTEM32\WINMMBASE.dll
[0523/122928.531:ERROR:process_memory_win.cc(73)] ReadMemory at 0x7ffbf07d0000 of 64 bytes failed: Seule une partie d’une requête ReadProcessMemory ou WriteProcessMemory a été effectuée. (0x12B)
[0523/122928.531:WARNING:pe_image_reader.cc(340)] could not read dos header from C:\WINDOWS\System32\cfgmgr32.dll
[0523/122928.531:ERROR:process_memory_win.cc(73)] ReadMemory at 0x7ffbee2a0000 of 64 bytes failed: Seule une partie d’une requête ReadProcessMemory ou WriteProcessMemory a été effectuée. (0x12B)
[0523/122928.531:WARNING:pe_image_reader.cc(340)] could not read dos header from C:\WINDOWS\SYSTEM32\PROPSYS.dll
[0523/122928.531:ERROR:process_memory_win.cc(73)] ReadMemory at 0x7ffbf1890000 of 64 bytes failed: Seule une partie d’une requête ReadProcessMemory ou WriteProcessMemory a été effectuée. (0x12B)
[0523/122928.531:WARNING:pe_image_reader.cc(340)] could not read dos header from C:\WINDOWS\System32\shcore.dll
[0523/122928.531:ERROR:process_memory_win.cc(73)] ReadMemory at 0x7ffbefc30000 of 64 bytes failed: Seule une partie d’une requête ReadProcessMemory ou WriteProcessMemory a été effectuée. (0x12B)
[0523/122928.531:WARNING:pe_image_reader.cc(340)] could not read dos header from C:\WINDOWS\SYSTEM32\bcrypt.dll
[0523/122928.532:ERROR:process_memory_win.cc(73)] ReadMemory at 0x7ffbf0060000 of 64 bytes failed: Seule une partie d’une requête ReadProcessMemory ou WriteProcessMemory a été effectuée. (0x12B)
[0523/122928.532:WARNING:pe_image_reader.cc(340)] could not read dos header from C:\WINDOWS\SYSTEM32\SSPICLI.DLL
[0523/122928.532:ERROR:process_memory_win.cc(73)] ReadMemory at 0x7ffbefb00000 of 64 bytes failed: Seule une partie d’une requête ReadProcessMemory ou WriteProcessMemory a été effectuée. (0x12B)
[0523/122928.532:WARNING:pe_image_reader.cc(340)] could not read dos header from C:\WINDOWS\SYSTEM32\CRYPTBASE.DLL
[0523/122928.532:ERROR:process_memory_win.cc(73)] ReadMemory at 0x7ff66cc50000 of 64 bytes failed: Seule une partie d’une requête ReadProcessMemory ou WriteProcessMemory a été effectuée. (0x12B)
[0523/122928.532:WARNING:pe_image_reader.cc(340)] could not read dos header from C:\Program Files (x86)\Google\Chrome\Application\chrome.exe
[0523/122928.532:ERROR:process_memory_win.cc(73)] ReadMemory at 0x7ffbf3e70000 of 64 bytes failed: Seule une partie d’une requête ReadProcessMemory ou WriteProcessMemory a été effectuée. (0x12B)
[0523/122928.532:WARNING:pe_image_reader.cc(340)] could not read dos header from C:\WINDOWS\SYSTEM32\ntdll.dll
[0523/122928.532:ERROR:process_memory_win.cc(73)] ReadMemory at 0x7ffbf19c0000 of 64 bytes failed: Seule une partie d’une requête ReadProcessMemory ou WriteProcessMemory a été effectuée. (0x12B)
[0523/122928.532:WARNING:pe_image_reader.cc(340)] could not read dos header from C:\WINDOWS\System32\KERNEL32.DLL
[0523/122928.532:ERROR:process_memory_win.cc(73)] ReadMemory at 0x7ffbf0fc0000 of 64 bytes failed: Seule une partie d’une requête ReadProcessMemory ou WriteProcessMemory a été effectuée. (0x12B)
[0523/122928.532:WARNING:pe_image_reader.cc(340)] could not read dos header from C:\WINDOWS\System32\KERNELBASE.dll
[0523/122928.532:ERROR:process_memory_win.cc(73)] ReadMemory at 0x7ffb9e4a0000 of 64 bytes failed: Seule une partie d’une requête ReadProcessMemory ou WriteProcessMemory a été effectuée. (0x12B)
[0523/122928.532:WARNING:pe_image_reader.cc(340)] could not read dos header from C:\Program Files (x86)\Google\Chrome\Application\81.0.4044.138\chrome_elf.dll
[0523/122928.532:ERROR:process_memory_win.cc(73)] ReadMemory at 0x7ffbebcc0000 of 64 bytes failed: Seule une partie d’une requête ReadProcessMemory ou WriteProcessMemory a été effectuée. (0x12B)
[0523/122928.532:WARNING:pe_image_reader.cc(340)] could not read dos header from C:\WINDOWS\SYSTEM32\VERSION.dll
[0523/122928.532:ERROR:process_memory_win.cc(73)] ReadMemory at 0x7ffbf3d50000 of 64 bytes failed: Seule une partie d’une requête ReadProcessMemory ou WriteProcessMemory a été effectuée. (0x12B)
[0523/122928.532:WARNING:pe_image_reader.cc(340)] could not read dos header from C:\WINDOWS\System32\msvcrt.dll
[0523/122928.532:ERROR:process_memory_win.cc(73)] ReadMemory at 0x7ffbf1240000 of 64 bytes failed: Seule une partie d’une requête ReadProcessMemory ou WriteProcessMemory a été effectuée. (0x12B)
[0523/122928.532:WARNING:pe_image_reader.cc(340)] could not read dos header from C:\WINDOWS\System32\bcryptPrimitives.dll
[0523/122928.532:ERROR:process_memory_win.cc(73)] ReadMemory at 0x7ffbf3290000 of 64 bytes failed: Seule une partie d’une requête ReadProcessMemory ou WriteProcessMemory a été effectuée. (0x12B)
[0523/122928.532:WARNING:pe_image_reader.cc(340)] could not read dos header from C:\WINDOWS\System32\ADVAPI32.dll
[0523/122928.532:ERROR:process_memory_win.cc(73)] ReadMemory at 0x7ffbf16f0000 of 64 bytes failed: Seule une partie d’une requête ReadProcessMemory ou WriteProcessMemory a été effectuée. (0x12B)
[0523/122928.532:WARNING:pe_image_reader.cc(340)] could not read dos header from C:\WINDOWS\System32\sechost.dll
[0523/122928.532:ERROR:process_memory_win.cc(73)] ReadMemory at 0x7ffbf1760000 of 64 bytes failed: Seule une partie d’une requête ReadProcessMemory ou WriteProcessMemory a été effectuée. (0x12B)
[0523/122928.532:WARNING:pe_image_reader.cc(340)] could not read dos header from C:\WINDOWS\System32\RPCRT4.dll
[0523/122928.532:ERROR:process_memory_win.cc(73)] ReadMemory at 0x7ffb80e90000 of 64 bytes failed: Seule une partie d’une requête ReadProcessMemory ou WriteProcessMemory a été effectuée. (0x12B)
[0523/122928.532:WARNING:pe_image_reader.cc(340)] could not read dos header from C:\Program Files (x86)\Google\Chrome\Application\81.0.4044.138\chrome.dll
[0523/122928.532:ERROR:process_memory_win.cc(73)] ReadMemory at 0x7ffbf1dd0000 of 64 bytes failed: Seule une partie d’une requête ReadProcessMemory ou WriteProcessMemory a été effectuée. (0x12B)
[0523/122928.532:WARNING:pe_image_reader.cc(340)] could not read dos header from C:\WINDOWS\System32\WS2_32.dll
[0523/122928.532:ERROR:process_memory_win.cc(73)] ReadMemory at 0x7ffbf1d00000 of 64 bytes failed: Seule une partie d’une requête ReadProcessMemory ou WriteProcessMemory a été effectuée. (0x12B)
[0523/122928.532:WARNING:pe_image_reader.cc(340)] could not read dos header from C:\WINDOWS\System32\OLEAUT32.dll
[0523/122928.532:ERROR:process_memory_win.cc(73)] ReadMemory at 0x7ffbf0490000 of 64 bytes failed: Seule une partie d’une requête ReadProcessMemory ou WriteProcessMemory a été effectuée. (0x12B)
[0523/122928.532:WARNING:pe_image_reader.cc(340)] could not read dos header from C:\WINDOWS\System32\msvcp_win.dll
[0523/122928.532:ERROR:process_memory_win.cc(73)] ReadMemory at 0x7ffbf06d0000 of 64 bytes failed: Seule une partie d’une requête ReadProcessMemory ou WriteProcessMemory a été effectuée. (0x12B)
[0523/122928.532:WARNING:pe_image_reader.cc(340)] could not read dos header from C:\WINDOWS\System32\ucrtbase.dll
[0523/122928.532:ERROR:process_memory_win.cc(73)] ReadMemory at 0x7ffbf33a0000 of 64 bytes failed: Seule une partie d’une requête ReadProcessMemory ou WriteProcessMemory a été effectuée. (0x12B)
[0523/122928.532:WARNING:pe_image_reader.cc(340)] could not read dos header from C:\WINDOWS\System32\combase.dll
[0523/122928.532:ERROR:process_memory_win.cc(73)] ReadMemory at 0x7ffbf0820000 of 64 bytes failed: Seule une partie d’une requête ReadProcessMemory ou WriteProcessMemory a été effectuée. (0x12B)
[0523/122928.532:WARNING:pe_image_reader.cc(340)] could not read dos header from C:\WINDOWS\System32\WINTRUST.dll
[0523/122928.532:ERROR:process_memory_win.cc(73)] ReadMemory at 0x7ffbf0180000 of 64 bytes failed: Seule une partie d’une requête ReadProcessMemory ou WriteProcessMemory a été effectuée. (0x12B)
[0523/122928.532:WARNING:pe_image_reader.cc(340)] could not read dos header from C:\WINDOWS\System32\MSASN1.dll
[0523/122928.532:ERROR:process_memory_win.cc(73)] ReadMemory at 0x7ffbf02a0000 of 64 bytes failed: Seule une partie d’une requête ReadProcessMemory ou WriteProcessMemory a été effectuée. (0x12B)
[0523/122928.532:WARNING:pe_image_reader.cc(340)] could not read dos header from C:\WINDOWS\System32\CRYPT32.dll
[0523/122928.532:ERROR:process_memory_win.cc(73)] ReadMemory at 0x7ffbef6a0000 of 64 bytes failed: Seule une partie d’une requête ReadProcessMemory ou WriteProcessMemory a été effectuée. (0x12B)
[0523/122928.532:WARNING:pe_image_reader.cc(340)] could not read dos header from C:\WINDOWS\SYSTEM32\IPHLPAPI.DLL
[0523/122928.532:ERROR:process_memory_win.cc(73)] ReadMemory at 0x7ffbed210000 of 64 bytes failed: Seule une partie d’une requête ReadProcessMemory ou WriteProcessMemory a été effectuée. (0x12B)
[0523/122928.532:WARNING:pe_image_reader.cc(340)] could not read dos header from C:\WINDOWS\SYSTEM32\WINMM.dll
[0523/122928.532:ERROR:process_memory_win.cc(73)] ReadMemory at 0x7ffbdd170000 of 64 bytes failed: Seule une partie d’une requête ReadProcessMemory ou WriteProcessMemory a été effectuée. (0x12B)
[0523/122928.533:WARNING:pe_image_reader.cc(340)] could not read dos header from C:\WINDOWS\SYSTEM32\Secur32.dll
[0523/122928.533:ERROR:process_memory_win.cc(73)] ReadMemory at 0x7ffbf0030000 of 64 bytes failed: Seule une partie d’une requête ReadProcessMemory ou WriteProcessMemory a été effectuée. (0x12B)
[0523/122928.533:WARNING:pe_image_reader.cc(340)] could not read dos header from C:\WINDOWS\SYSTEM32\USERENV.dll
[0523/122928.533:ERROR:process_memory_win.cc(73)] ReadMemory at 0x7ffbf01b0000 of 64 bytes failed: Seule une partie d’une requête ReadProcessMemory ou WriteProcessMemory a été effectuée. (0x12B)
[0523/122928.533:WARNING:pe_image_reader.cc(340)] could not read dos header from C:\WINDOWS\System32\profapi.dll
[0523/122928.533:ERROR:process_memory_win.cc(73)] ReadMemory at 0x7ffbc2fa0000 of 64 bytes failed: Seule une partie d’une requête ReadProcessMemory ou WriteProcessMemory a été effectuée. (0x12B)
[0523/122928.533:WARNING:pe_image_reader.cc(340)] could not read dos header from C:\WINDOWS\SYSTEM32\UIAutomationCore.DLL
[0523/122928.533:ERROR:process_memory_win.cc(73)] ReadMemory at 0x7ffbdde50000 of 64 bytes failed: Seule une partie d’une requête ReadProcessMemory ou WriteProcessMemory a été effectuée. (0x12B)
[0523/122928.533:WARNING:pe_image_reader.cc(340)] could not read dos header from C:\WINDOWS\SYSTEM32\DWrite.dll
[0523/122928.533:ERROR:process_memory_win.cc(73)] ReadMemory at 0x7ffbe9600000 of 64 bytes failed: Seule une partie d’une requête ReadProcessMemory ou WriteProcessMemory a été effectuée. (0x12B)
[0523/122928.533:WARNING:pe_image_reader.cc(340)] could not read dos header from C:\WINDOWS\SYSTEM32\WINSPOOL.DRV
[0523/122928.533:ERROR:process_memory_win.cc(73)] ReadMemory at 0x7ffbf01d0000 of 64 bytes failed: Seule une partie d’une requête ReadProcessMemory ou WriteProcessMemory a été effectuée. (0x12B)
[0523/122928.533:WARNING:pe_image_reader.cc(340)] could not read dos header from C:\WINDOWS\System32\kernel.appcore.dll
[0523/122928.533:ERROR:process_memory_win.cc(73)] ReadMemory at 0x7ffbeeb50000 of 64 bytes failed: Seule une partie d’une requête ReadProcessMemory ou WriteProcessMemory a été effectuée. (0x12B)
[0523/122928.533:WARNING:pe_image_reader.cc(340)] could not read dos header from C:\WINDOWS\SYSTEM32\dbghelp.dll
[0523/122928.533:ERROR:process_memory_win.cc(73)] ReadMemory at 0x7ffbeb5b0000 of 64 bytes failed: Seule une partie d’une requête ReadProcessMemory ou WriteProcessMemory a été effectuée. (0x12B)
[0523/122928.533:WARNING:pe_image_reader.cc(340)] could not read dos header from C:\WINDOWS\SYSTEM32\WINHTTP.dll
[0523/122928.533:ERROR:process_memory_win.cc(73)] ReadMemory at 0x7ffbe78a0000 of 64 bytes failed: Seule une partie d’une requête ReadProcessMemory ou WriteProcessMemory a été effectuée. (0x12B)
[0523/122928.533:WARNING:pe_image_reader.cc(340)] could not read dos header from C:\WINDOWS\SYSTEM32\dhcpcsvc.DLL
[0523/122928.533:ERROR:process_memory_win.cc(73)] ReadMemory at 0x7ffbf1580000 of 64 bytes failed: Seule une partie d’une requête ReadProcessMemory ou WriteProcessMemory a été effectuée. (0x12B)
[0523/122928.533:WARNING:pe_image_reader.cc(340)] could not read dos header from C:\WINDOWS\System32\NSI.dll
[0523/122928.533:ERROR:process_memory_win.cc(73)] ReadMemory at 0x7ffbed030000 of 64 bytes failed: Seule une partie d’une requête ReadProcessMemory ou WriteProcessMemory a été effectuée. (0x12B)
[0523/122928.533:WARNING:pe_image_reader.cc(340)] could not read dos header from C:\WINDOWS\SYSTEM32\WINMMBASE.dll
[0523/122928.533:ERROR:process_memory_win.cc(73)] ReadMemory at 0x7ffbf07d0000 of 64 bytes failed: Seule une partie d’une requête ReadProcessMemory ou WriteProcessMemory a été effectuée. (0x12B)
[0523/122928.533:WARNING:pe_image_reader.cc(340)] could not read dos header from C:\WINDOWS\System32\cfgmgr32.dll
[0523/122928.533:ERROR:process_memory_win.cc(73)] ReadMemory at 0x7ffbee2a0000 of 64 bytes failed: Seule une partie d’une requête ReadProcessMemory ou WriteProcessMemory a été effectuée. (0x12B)
[0523/122928.533:WARNING:pe_image_reader.cc(340)] could not read dos header from C:\WINDOWS\SYSTEM32\PROPSYS.dll
[0523/122928.533:ERROR:process_memory_win.cc(73)] ReadMemory at 0x7ffbf1890000 of 64 bytes failed: Seule une partie d’une requête ReadProcessMemory ou WriteProcessMemory a été effectuée. (0x12B)
[0523/122928.533:WARNING:pe_image_reader.cc(340)] could not read dos header from C:\WINDOWS\System32\shcore.dll
[0523/122928.533:ERROR:process_memory_win.cc(73)] ReadMemory at 0x7ffbefc30000 of 64 bytes failed: Seule une partie d’une requête ReadProcessMemory ou WriteProcessMemory a été effectuée. (0x12B)
[0523/122928.533:WARNING:pe_image_reader.cc(340)] could not read dos header from C:\WINDOWS\SYSTEM32\bcrypt.dll
[0523/122928.533:ERROR:process_memory_win.cc(73)] ReadMemory at 0x7ffbf0060000 of 64 bytes failed: Seule une partie d’une requête ReadProcessMemory ou WriteProcessMemory a été effectuée. (0x12B)
[0523/122928.533:WARNING:pe_image_reader.cc(340)] could not read dos header from C:\WINDOWS\SYSTEM32\SSPICLI.DLL
[0523/122928.533:ERROR:process_memory_win.cc(73)] ReadMemory at 0x7ffbefb00000 of 64 bytes failed: Seule une partie d’une requête ReadProcessMemory ou WriteProcessMemory a été effectuée. (0x12B)
[0523/122928.533:WARNING:pe_image_reader.cc(340)] could not read dos header from C:\WINDOWS\SYSTEM32\CRYPTBASE.DLL
[0523/122929.144:ERROR:process_memory_win.cc(73)] ReadMemory at 0x8c5f305000 of 1028096 bytes failed: Seule une partie d’une requête ReadProcessMemory ou WriteProcessMemory a été effectuée. (0x12B)
[0523/122929.711:ERROR:process_memory_win.cc(73)] ReadMemory at 0x8c603fd000 of 12288 bytes failed: Seule une partie d’une requête ReadProcessMemory ou WriteProcessMemory a été effectuée. (0x12B)
[0523/122929.711:ERROR:process_memory_win.cc(73)] ReadMemory at 0x8c613fd000 of 12288 bytes failed: Seule une partie d’une requête ReadProcessMemory ou WriteProcessMemory a été effectuée. (0x12B)
[0523/122929.711:ERROR:process_memory_win.cc(73)] ReadMemory at 0x8c61bfb000 of 20480 bytes failed: Seule une partie d’une requête ReadProcessMemory ou WriteProcessMemory a été effectuée. (0x12B)
[0523/122929.711:ERROR:process_memory_win.cc(73)] ReadMemory at 0x8c623ff000 of 4096 bytes failed: Seule une partie d’une requête ReadProcessMemory ou WriteProcessMemory a été effectuée. (0x12B)
[0523/122929.711:ERROR:process_memory_win.cc(73)] ReadMemory at 0x8c62bfd000 of 12288 bytes failed: Seule une partie d’une requête ReadProcessMemory ou WriteProcessMemory a été effectuée. (0x12B)
[0523/122929.711:ERROR:process_memory_win.cc(73)] ReadMemory at 0x8c633fb000 of 20480 bytes failed: Seule une partie d’une requête ReadProcessMemory ou WriteProcessMemory a été effectuée. (0x12B)
[0523/122929.711:ERROR:process_memory_win.cc(73)] ReadMemory at 0x8c643fd000 of 12288 bytes failed: Seule une partie d’une requête ReadProcessMemory ou WriteProcessMemory a été effectuée. (0x12B)
[0523/122929.711:ERROR:process_memory_win.cc(73)] ReadMemory at 0x8c64bf6000 of 40960 bytes failed: Seule une partie d’une requête ReadProcessMemory ou WriteProcessMemory a été effectuée. (0x12B)
[0523/122929.711:ERROR:process_memory_win.cc(73)] ReadMemory at 0x8c653f5000 of 45056 bytes failed: Seule une partie d’une requête ReadProcessMemory ou WriteProcessMemory a été effectuée. (0x12B)
[0523/122929.712:ERROR:process_memory_win.cc(73)] ReadMemory at 0x8c65bfc000 of 16384 bytes failed: Seule une partie d’une requête ReadProcessMemory ou WriteProcessMemory a été effectuée. (0x12B)
[0523/122929.712:ERROR:process_memory_win.cc(73)] ReadMemory at 0x8c60bfd000 of 12288 bytes failed: Seule une partie d’une requête ReadProcessMemory ou WriteProcessMemory a été effectuée. (0x12B)
[0523/122929.712:ERROR:process_memory_win.cc(73)] ReadMemory at 0x8c66bfd000 of 12288 bytes failed: Seule une partie d’une requête ReadProcessMemory ou WriteProcessMemory a été effectuée. (0x12B)
[0523/122929.712:ERROR:process_memory_win.cc(73)] ReadMemory at 0x8c5fbff000 of 4096 bytes failed: Seule une partie d’une requête ReadProcessMemory ou WriteProcessMemory a été effectuée. (0x12B)
[0523/122929.712:ERROR:process_memory_win.cc(73)] ReadMemory at 0x8c5ea20000 of 852 bytes failed: Seule une partie d’une requête ReadProcessMemory ou WriteProcessMemory a été effectuée. (0x12B)
[0523/122929.712:ERROR:process_memory_win.cc(73)] ReadMemory at 0x8c5ea21000 of 6024 bytes failed: Seule une partie d’une requête ReadProcessMemory ou WriteProcessMemory a été effectuée. (0x12B)
[0523/122929.712:ERROR:process_memory_win.cc(73)] ReadMemory at 0x8c5ea25000 of 6024 bytes failed: Seule une partie d’une requête ReadProcessMemory ou WriteProcessMemory a été effectuée. (0x12B)
[0523/122929.712:ERROR:process_memory_win.cc(73)] ReadMemory at 0x8c5ea29000 of 6024 bytes failed: Seule une partie d’une requête ReadProcessMemory ou WriteProcessMemory a été effectuée. (0x12B)
[0523/122929.712:ERROR:process_memory_win.cc(73)] ReadMemory at 0x8c5ea2b000 of 6024 bytes failed: Seule une partie d’une requête ReadProcessMemory ou WriteProcessMemory a été effectuée. (0x12B)
[0523/122929.712:ERROR:process_memory_win.cc(73)] ReadMemory at 0x8c5ea2d000 of 6024 bytes failed: Seule une partie d’une requête ReadProcessMemory ou WriteProcessMemory a été effectuée. (0x12B)
[0523/122929.712:ERROR:process_memory_win.cc(73)] ReadMemory at 0x8c5ea2f000 of 6024 bytes failed: Seule une partie d’une requête ReadProcessMemory ou WriteProcessMemory a été effectuée. (0x12B)
[0523/122929.712:ERROR:process_memory_win.cc(73)] ReadMemory at 0x8c5ea31000 of 6024 bytes failed: Seule une partie d’une requête ReadProcessMemory ou WriteProcessMemory a été effectuée. (0x12B)
[0523/122929.712:ERROR:process_memory_win.cc(73)] ReadMemory at 0x8c5ea35000 of 6024 bytes failed: Seule une partie d’une requête ReadProcessMemory ou WriteProcessMemory a été effectuée. (0x12B)
[0523/122929.712:ERROR:process_memory_win.cc(73)] ReadMemory at 0x8c5ea37000 of 6024 bytes failed: Seule une partie d’une requête ReadProcessMemory ou WriteProcessMemory a été effectuée. (0x12B)
[0523/122929.712:ERROR:process_memory_win.cc(73)] ReadMemory at 0x8c5ea39000 of 6024 bytes failed: Seule une partie d’une requête ReadProcessMemory ou WriteProcessMemory a été effectuée. (0x12B)
[0523/122929.712:ERROR:process_memory_win.cc(73)] ReadMemory at 0x8c5ea3b000 of 6024 bytes failed: Seule une partie d’une requête ReadProcessMemory ou WriteProcessMemory a été effectuée. (0x12B)
[0523/122929.712:ERROR:process_memory_win.cc(73)] ReadMemory at 0x8c5ea45000 of 6024 bytes failed: Seule une partie d’une requête ReadProcessMemory ou WriteProcessMemory a été effectuée. (0x12B)
[0523/122929.712:ERROR:process_memory_win.cc(73)] ReadMemory at 0x8c5ea47000 of 6024 bytes failed: Seule une partie d’une requête ReadProcessMemory ou WriteProcessMemory a été effectuée. (0x12B)
[0523/122929.712:ERROR:process_memory_win.cc(73)] ReadMemory at 0x8c5ea4b000 of 6024 bytes failed: Seule une partie d’une requête ReadProcessMemory ou WriteProcessMemory a été effectuée. (0x12B)
[0523/122929.712:ERROR:process_memory_win.cc(73)] ReadMemory at 0x23c77c40fc0 of 8110 bytes failed: Seule une partie d’une requête ReadProcessMemory ou WriteProcessMemory a été effectuée. (0x12B)
[0523/122929.713:ERROR:process_memory_win.cc(73)] ReadMemory at 0x23c77c42f80 of 1012 bytes failed: Seule une partie d’une requête ReadProcessMemory ou WriteProcessMemory a été effectuée. (0x12B)
[0523/122929.713:ERROR:process_memory_win.cc(73)] ReadMemory at 0x23c77c43598 of 118 bytes failed: Seule une partie d’une requête ReadProcessMemory ou WriteProcessMemory a été effectuée. (0x12B)
[0523/122929.713:ERROR:process_memory_win.cc(73)] ReadMemory at 0x23c77c43610 of 748 bytes failed: Seule une partie d’une requête ReadProcessMemory ou WriteProcessMemory a été effectuée. (0x12B)
[0523/122929.713:ERROR:process_memory_win.cc(73)] ReadMemory at 0x23c77c438fe of 118 bytes failed: Seule une partie d’une requête ReadProcessMemory ou WriteProcessMemory a été effectuée. (0x12B)
[0523/122929.713:ERROR:process_memory_win.cc(73)] ReadMemory at 0x23c77c43976 of 94 bytes failed: Seule une partie d’une requête ReadProcessMemory ou WriteProcessMemory a été effectuée. (0x12B)
[0523/122929.713:ERROR:process_memory_win.cc(73)] ReadMemory at 0x23c77c439e0 of 58 bytes failed: Seule une partie d’une requête ReadProcessMemory ou WriteProcessMemory a été effectuée. (0x12B)
[0523/122929.713:ERROR:process_memory_win.cc(73)] ReadMemory at 0x23c77c43ae0 of 132 bytes failed: Seule une partie d’une requête ReadProcessMemory ou WriteProcessMemory a été effectuée. (0x12B)
[0523/122929.713:ERROR:process_memory_win.cc(73)] ReadMemory at 0x23c77c43c70 of 132 bytes failed: Seule une partie d’une requête ReadProcessMemory ou WriteProcessMemory a été effectuée. (0x12B)
[0523/122929.713:ERROR:process_memory_win.cc(73)] ReadMemory at 0x23c77c43e30 of 126 bytes failed: Seule une partie d’une requête ReadProcessMemory ou WriteProcessMemory a été effectuée. (0x12B)
[0523/122929.713:ERROR:process_memory_win.cc(73)] ReadMemory at 0x23c77c44210 of 132 bytes failed: Seule une partie d’une requête ReadProcessMemory ou WriteProcessMemory a été effectuée. (0x12B)
[0523/122929.713:ERROR:process_memory_win.cc(73)] ReadMemory at 0x23c77c443a0 of 64 bytes failed: Seule une partie d’une requête ReadProcessMemory ou WriteProcessMemory a été effectuée. (0x12B)
[0523/122929.713:ERROR:process_memory_win.cc(73)] ReadMemory at 0x23c77c443f0 of 132 bytes failed: Seule une partie d’une requête ReadProcessMemory ou WriteProcessMemory a été effectuée. (0x12B)
[0523/122929.713:ERROR:process_memory_win.cc(73)] ReadMemory at 0x23c77c44520 of 54 bytes failed: Seule une partie d’une requête ReadProcessMemory ou WriteProcessMemory a été effectuée. (0x12B)
[0523/122929.713:ERROR:process_memory_win.cc(73)] ReadMemory at 0x23c77c44560 of 132 bytes failed: Seule une partie d’une requête ReadProcessMemory ou WriteProcessMemory a été effectuée. (0x12B)
[0523/122929.713:ERROR:process_memory_win.cc(73)] ReadMemory at 0x23c77c447f0 of 132 bytes failed: Seule une partie d’une requête ReadProcessMemory ou WriteProcessMemory a été effectuée. (0x12B)
[0523/122929.713:ERROR:process_memory_win.cc(73)] ReadMemory at 0x23c77c44980 of 68 bytes failed: Seule une partie d’une requête ReadProcessMemory ou WriteProcessMemory a été effectuée. (0x12B)
[0523/122929.713:ERROR:process_memory_win.cc(73)] ReadMemory at 0x23c77c45810 of 132 bytes failed: Seule une partie d’une requête ReadProcessMemory ou WriteProcessMemory a été effectuée. (0x12B)
[0523/122929.713:ERROR:process_memory_win.cc(73)] ReadMemory at 0x23c77c459a0 of 154 bytes failed: Seule une partie d’une requête ReadProcessMemory ou WriteProcessMemory a été effectuée. (0x12B)
[0523/122929.713:ERROR:process_memory_win.cc(73)] ReadMemory at 0x23c77c46590 of 132 bytes failed: Seule une partie d’une requête ReadProcessMemory ou WriteProcessMemory a été effectuée. (0x12B)
[0523/122929.713:ERROR:process_memory_win.cc(73)] ReadMemory at 0x23c77c467e0 of 132 bytes failed: Seule une partie d’une requête ReadProcessMemory ou WriteProcessMemory a été effectuée. (0x12B)
[0523/122929.713:ERROR:process_memory_win.cc(73)] ReadMemory at 0x23c77c46970 of 60 bytes failed: Seule une partie d’une requête ReadProcessMemory ou WriteProcessMemory a été effectuée. (0x12B)
[0523/122929.713:ERROR:process_memory_win.cc(73)] ReadMemory at 0x23c77c47090 of 132 bytes failed: Seule une partie d’une requête ReadProcessMemory ou WriteProcessMemory a été effectuée. (0x12B)
[0523/122929.713:ERROR:process_memory_win.cc(73)] ReadMemory at 0x23c77c47e50 of 146 bytes failed: Seule une partie d’une requête ReadProcessMemory ou WriteProcessMemory a été effectuée. (0x12B)
[0523/122929.713:ERROR:process_memory_win.cc(73)] ReadMemory at 0x23c77c47f20 of 62 bytes failed: Seule une partie d’une requête ReadProcessMemory ou WriteProcessMemory a été effectuée. (0x12B)
[0523/122929.713:ERROR:process_memory_win.cc(73)] ReadMemory at 0x23c77c4c1d0 of 132 bytes failed: Seule une partie d’une requête ReadProcessMemory ou WriteProcessMemory a été effectuée. (0x12B)
[0523/122929.714:ERROR:process_memory_win.cc(73)] ReadMemory at 0x23c77c4c300 of 132 bytes failed: Seule une partie d’une requête ReadProcessMemory ou WriteProcessMemory a été effectuée. (0x12B)
[0523/122929.714:ERROR:process_memory_win.cc(73)] ReadMemory at 0x23c77c4c490 of 80 bytes failed: Seule une partie d’une requête ReadProcessMemory ou WriteProcessMemory a été effectuée. (0x12B)
[0523/122929.714:ERROR:process_memory_win.cc(73)] ReadMemory at 0x23c77c4c630 of 66 bytes failed: Seule une partie d’une requête ReadProcessMemory ou WriteProcessMemory a été effectuée. (0x12B)
[0523/122929.714:ERROR:process_memory_win.cc(73)] ReadMemory at 0x23c77c4c680 of 64 bytes failed: Seule une partie d’une requête ReadProcessMemory ou WriteProcessMemory a été effectuée. (0x12B)
[0523/122929.714:ERROR:process_memory_win.cc(73)] ReadMemory at 0x23c77c4c720 of 62 bytes failed: Seule une partie d’une requête ReadProcessMemory ou WriteProcessMemory a été effectuée. (0x12B)
[0523/122929.714:ERROR:process_memory_win.cc(73)] ReadMemory at 0x23c77c4c770 of 60 bytes failed: Seule une partie d’une requête ReadProcessMemory ou WriteProcessMemory a été effectuée. (0x12B)
[0523/122929.714:ERROR:process_memory_win.cc(73)] ReadMemory at 0x23c77c4c810 of 62 bytes failed: Seule une partie d’une requête ReadProcessMemory ou WriteProcessMemory a été effectuée. (0x12B)
[0523/122929.714:ERROR:process_memory_win.cc(73)] ReadMemory at 0x23c77c4c860 of 60 bytes failed: Seule une partie d’une requête ReadProcessMemory ou WriteProcessMemory a été effectuée. (0x12B)
[0523/122929.714:ERROR:process_memory_win.cc(73)] ReadMemory at 0x23c77c4c8b0 of 62 bytes failed: Seule une partie d’une requête ReadProcessMemory ou WriteProcessMemory a été effectuée. (0x12B)
[0523/122929.714:ERROR:process_memory_win.cc(73)] ReadMemory at 0x23c77c4c900 of 62 bytes failed: Seule une partie d’une requête ReadProcessMemory ou WriteProcessMemory a été effectuée. (0x12B)
[0523/122929.714:ERROR:process_memory_win.cc(73)] ReadMemory at 0x23c77c4c950 of 58 bytes failed: Seule une partie d’une requête ReadProcessMemory ou WriteProcessMemory a été effectuée. (0x12B)
[0523/122929.714:ERROR:process_memory_win.cc(73)] ReadMemory at 0x23c77c4c9a0 of 60 bytes failed: Seule une partie d’une requête ReadProcessMemory ou WriteProcessMemory a été effectuée. (0x12B)
[0523/122929.714:ERROR:process_memory_win.cc(73)] ReadMemory at 0x23c77c4c9f0 of 62 bytes failed: Seule une partie d’une requête ReadProcessMemory ou WriteProcessMemory a été effectuée. (0x12B)
[0523/122929.714:ERROR:process_memory_win.cc(73)] ReadMemory at 0x23c77c4ca40 of 64 bytes failed: Seule une partie d’une requête ReadProcessMemory ou WriteProcessMemory a été effectuée. (0x12B)
[0523/122929.714:ERROR:process_memory_win.cc(73)] ReadMemory at 0x23c77c4ca90 of 64 bytes failed: Seule une partie d’une requête ReadProcessMemory ou WriteProcessMemory a été effectuée. (0x12B)
[0523/122929.714:ERROR:process_memory_win.cc(73)] ReadMemory at 0x23c77c4cae0 of 64 bytes failed: Seule une partie d’une requête ReadProcessMemory ou WriteProcessMemory a été effectuée. (0x12B)
[0523/122929.714:ERROR:process_memory_win.cc(73)] ReadMemory at 0x23c77c4cb30 of 64 bytes failed: Seule une partie d’une requête ReadProcessMemory ou WriteProcessMemory a été effectuée. (0x12B)
[0523/122929.714:ERROR:process_memory_win.cc(73)] ReadMemory at 0x23c77c4cb80 of 64 bytes failed: Seule une partie d’une requête ReadProcessMemory ou WriteProcessMemory a été effectuée. (0x12B)
[0523/122929.714:ERROR:process_memory_win.cc(73)] ReadMemory at 0x23c77c4cbd0 of 62 bytes failed: Seule une partie d’une requête ReadProcessMemory ou WriteProcessMemory a été effectuée. (0x12B)
[0523/122929.714:ERROR:process_memory_win.cc(73)] ReadMemory at 0x23c77c4cc70 of 62 bytes failed: Seule une partie d’une requête ReadProcessMemory ou WriteProcessMemory a été effectuée. (0x12B)
[0523/122929.714:ERROR:process_memory_win.cc(73)] ReadMemory at 0x23c77c4ccc0 of 60 bytes failed: Seule une partie d’une requête ReadProcessMemory ou WriteProcessMemory a été effectuée. (0x12B)
[0523/122929.714:ERROR:process_memory_win.cc(73)] ReadMemory at 0x23c77c4cd60 of 62 bytes failed: Seule une partie d’une requête ReadProcessMemory ou WriteProcessMemory a été effectuée. (0x12B)
[0523/122929.714:ERROR:process_memory_win.cc(73)] ReadMemory at 0x23c77c509f0 of 76 bytes failed: Seule une partie d’une requête ReadProcessMemory ou WriteProcessMemory a été effectuée. (0x12B)
[0523/122929.714:ERROR:process_memory_win.cc(73)] ReadMemory at 0x23c77c517d0 of 80 bytes failed: Seule une partie d’une requête ReadProcessMemory ou WriteProcessMemory a été effectuée. (0x12B)
[0523/122929.714:ERROR:process_memory_win.cc(73)] ReadMemory at 0x23c77c51d10 of 132 bytes failed: Seule une partie d’une requête ReadProcessMemory ou WriteProcessMemory a été effectuée. (0x12B)
[0523/122929.714:ERROR:process_memory_win.cc(73)] ReadMemory at 0x23c77c51e40 of 132 bytes failed: Seule une partie d’une requête ReadProcessMemory ou WriteProcessMemory a été effectuée. (0x12B)
[0523/122929.714:ERROR:process_memory_win.cc(73)] ReadMemory at 0x23c77c526b0 of 132 bytes failed: Seule une partie d’une requête ReadProcessMemory ou WriteProcessMemory a été effectuée. (0x12B)
[0523/122929.714:ERROR:process_memory_win.cc(73)] ReadMemory at 0x23c77c54740 of 132 bytes failed: Seule une partie d’une requête ReadProcessMemory ou WriteProcessMemory a été effectuée. (0x12B)
[0523/122929.715:ERROR:process_memory_win.cc(73)] ReadMemory at 0x23c77c54960 of 132 bytes failed: Seule une partie d’une requête ReadProcessMemory ou WriteProcessMemory a été effectuée. (0x12B)
[0523/122929.715:ERROR:process_memory_win.cc(73)] ReadMemory at 0x23c77c55ad0 of 132 bytes failed: Seule une partie d’une requête ReadProcessMemory ou WriteProcessMemory a été effectuée. (0x12B)
[0523/122929.715:ERROR:process_memory_win.cc(73)] ReadMemory at 0x23c77c55c00 of 132 bytes failed: Seule une partie d’une requête ReadProcessMemory ou WriteProcessMemory a été effectuée. (0x12B)
[0523/122929.715:ERROR:process_memory_win.cc(73)] ReadMemory at 0x23c77c55d30 of 132 bytes failed: Seule une partie d’une requête ReadProcessMemory ou WriteProcessMemory a été effectuée. (0x12B)
[0523/122929.715:ERROR:process_memory_win.cc(73)] ReadMemory at 0x23c77c55e60 of 132 bytes failed: Seule une partie d’une requête ReadProcessMemory ou WriteProcessMemory a été effectuée. (0x12B)
[0523/122929.715:ERROR:process_memory_win.cc(73)] ReadMemory at 0x23c77c55f90 of 132 bytes failed: Seule une partie d’une requête ReadProcessMemory ou WriteProcessMemory a été effectuée. (0x12B)
[0523/122929.715:ERROR:process_memory_win.cc(73)] ReadMemory at 0x23c77c560c0 of 132 bytes failed: Seule une partie d’une requête ReadProcessMemory ou WriteProcessMemory a été effectuée. (0x12B)
[0523/122929.715:ERROR:process_memory_win.cc(73)] ReadMemory at 0x23c77c561f0 of 132 bytes failed: Seule une partie d’une requête ReadProcessMemory ou WriteProcessMemory a été effectuée. (0x12B)
[0523/122929.715:ERROR:process_memory_win.cc(73)] ReadMemory at 0x23c77c56320 of 132 bytes failed: Seule une partie d’une requête ReadProcessMemory ou WriteProcessMemory a été effectuée. (0x12B)
[0523/122929.715:ERROR:process_memory_win.cc(73)] ReadMemory at 0x23c77c56450 of 132 bytes failed: Seule une partie d’une requête ReadProcessMemory ou WriteProcessMemory a été effectuée. (0x12B)
[0523/122929.715:ERROR:process_memory_win.cc(73)] ReadMemory at 0x23c77c56580 of 132 bytes failed: Seule une partie d’une requête ReadProcessMemory ou WriteProcessMemory a été effectuée. (0x12B)
[0523/122929.715:ERROR:process_memory_win.cc(73)] ReadMemory at 0x23c77c566b0 of 132 bytes failed: Seule une partie d’une requête ReadProcessMemory ou WriteProcessMemory a été effectuée. (0x12B)
[0523/122929.715:ERROR:process_memory_win.cc(73)] ReadMemory at 0x23c77c567e0 of 132 bytes failed: Seule une partie d’une requête ReadProcessMemory ou WriteProcessMemory a été effectuée. (0x12B)
[0523/122929.715:ERROR:process_memory_win.cc(73)] ReadMemory at 0x23c77c58520 of 132 bytes failed: Seule une partie d’une requête ReadProcessMemory ou WriteProcessMemory a été effectuée. (0x12B)
[0523/122929.715:ERROR:process_memory_win.cc(73)] ReadMemory at 0x23c77c589e0 of 132 bytes failed: Seule une partie d’une requête ReadProcessMemory ou WriteProcessMemory a été effectuée. (0x12B)
[0523/122929.715:ERROR:process_memory_win.cc(73)] ReadMemory at 0x23c77c58b10 of 132 bytes failed: Seule une partie d’une requête ReadProcessMemory ou WriteProcessMemory a été effectuée. (0x12B)
[0523/122929.715:ERROR:process_memory_win.cc(73)] ReadMemory at 0x23c77c58c40 of 132 bytes failed: Seule une partie d’une requête ReadProcessMemory ou WriteProcessMemory a été effectuée. (0x12B)
[0523/122929.715:ERROR:process_memory_win.cc(73)] ReadMemory at 0x23c77c58ea0 of 132 bytes failed: Seule une partie d’une requête ReadProcessMemory ou WriteProcessMemory a été effectuée. (0x12B)
[0523/122929.715:ERROR:process_memory_win.cc(73)] ReadMemory at 0x23c77c58fd0 of 132 bytes failed: Seule une partie d’une requête ReadProcessMemory ou WriteProcessMemory a été effectuée. (0x12B)
[0523/122929.715:ERROR:process_memory_win.cc(73)] ReadMemory at 0x23c77c59100 of 132 bytes failed: Seule une partie d’une requête ReadProcessMemory ou WriteProcessMemory a été effectuée. (0x12B)
[0523/122929.715:ERROR:process_memory_win.cc(73)] ReadMemory at 0x23c77c59230 of 132 bytes failed: Seule une partie d’une requête ReadProcessMemory ou WriteProcessMemory a été effectuée. (0x12B)
[0523/122929.715:ERROR:process_memory_win.cc(73)] ReadMemory at 0x23c77c59820 of 132 bytes failed: Seule une partie d’une requête ReadProcessMemory ou WriteProcessMemory a été effectuée. (0x12B)
[0523/122929.715:ERROR:process_memory_win.cc(73)] ReadMemory at 0x23c77c5a1a0 of 132 bytes failed: Seule une partie d’une requête ReadProcessMemory ou WriteProcessMemory a été effectuée. (0x12B)
[0523/122929.716:ERROR:process_memory_win.cc(73)] ReadMemory at 0x23c77c5a580 of 64 bytes failed: Seule une partie d’une requête ReadProcessMemory ou WriteProcessMemory a été effectuée. (0x12B)
[0523/122929.716:ERROR:process_memory_win.cc(73)] ReadMemory at 0x23c77c5a5d0 of 60 bytes failed: Seule une partie d’une requête ReadProcessMemory ou WriteProcessMemory a été effectuée. (0x12B)
[0523/122929.716:ERROR:process_memory_win.cc(73)] ReadMemory at 0x23c77c5a620 of 60 bytes failed: Seule une partie d’une requête ReadProcessMemory ou WriteProcessMemory a été effectuée. (0x12B)
[0523/122929.716:ERROR:process_memory_win.cc(73)] ReadMemory at 0x23c77c5a670 of 62 bytes failed: Seule une partie d’une requête ReadProcessMemory ou WriteProcessMemory a été effectuée. (0x12B)
[0523/122929.716:ERROR:process_memory_win.cc(73)] ReadMemory at 0x23c77c5a7b0 of 64 bytes failed: Seule une partie d’une requête ReadProcessMemory ou WriteProcessMemory a été effectuée. (0x12B)
[0523/122929.716:ERROR:process_memory_win.cc(73)] ReadMemory at 0x23c77c5a940 of 62 bytes failed: Seule une partie d’une requête ReadProcessMemory ou WriteProcessMemory a été effectuée. (0x12B)
[0523/122929.716:ERROR:process_memory_win.cc(73)] ReadMemory at 0x23c77c5a9e0 of 66 bytes failed: Seule une partie d’une requête ReadProcessMemory ou WriteProcessMemory a été effectuée. (0x12B)
[0523/122929.716:ERROR:process_memory_win.cc(73)] ReadMemory at 0x23c77c700a0 of 512 bytes failed: Seule une partie d’une requête ReadProcessMemory ou WriteProcessMemory a été effectuée. (0x12B)
[0523/122929.716:ERROR:process_memory_win.cc(73)] ReadMemory at 0x23c77c71810 of 512 bytes failed: Seule une partie d’une requête ReadProcessMemory ou WriteProcessMemory a été effectuée. (0x12B)
[0523/122929.716:ERROR:process_memory_win.cc(73)] ReadMemory at 0x23c77d401f0 of 512 bytes failed: Seule une partie d’une requête ReadProcessMemory ou WriteProcessMemory a été effectuée. (0x12B)
[0523/122929.716:ERROR:process_memory_win.cc(73)] ReadMemory at 0x23c77d70000 of 384 bytes failed: Seule une partie d’une requête ReadProcessMemory ou WriteProcessMemory a été effectuée. (0x12B)
[0523/122929.716:ERROR:process_memory_win.cc(73)] ReadMemory at 0x23c77d75e58 of 512 bytes failed: Seule une partie d’une requête ReadProcessMemory ou WriteProcessMemory a été effectuée. (0x12B)
[0523/122929.716:ERROR:process_memory_win.cc(73)] ReadMemory at 0x23c78292ed0 of 512 bytes failed: Seule une partie d’une requête ReadProcessMemory ou WriteProcessMemory a été effectuée. (0x12B)
[0523/122929.716:ERROR:process_memory_win.cc(73)] ReadMemory at 0x23c782a3150 of 512 bytes failed: Seule une partie d’une requête ReadProcessMemory ou WriteProcessMemory a été effectuée. (0x12B)
[0523/122929.716:ERROR:process_memory_win.cc(73)] ReadMemory at 0x23c782cc930 of 712 bytes failed: Seule une partie d’une requête ReadProcessMemory ou WriteProcessMemory a été effectuée. (0x12B)
[0523/122929.716:ERROR:process_memory_win.cc(73)] ReadMemory at 0x23c782d5750 of 512 bytes failed: Seule une partie d’une requête ReadProcessMemory ou WriteProcessMemory a été effectuée. (0x12B)
[0523/122929.716:ERROR:process_memory_win.cc(73)] ReadMemory at 0x23c7835e9a0 of 512 bytes failed: Seule une partie d’une requête ReadProcessMemory ou WriteProcessMemory a été effectuée. (0x12B)
[0523/122929.716:ERROR:process_memory_win.cc(73)] ReadMemory at 0x23c79890000 of 384 bytes failed: Seule une partie d’une requête ReadProcessMemory ou WriteProcessMemory a été effectuée. (0x12B)
[0523/122929.716:ERROR:process_memory_win.cc(73)] ReadMemory at 0x23c798c8ab0 of 512 bytes failed: Seule une partie d’une requête ReadProcessMemory ou WriteProcessMemory a été effectuée. (0x12B)
[0523/122929.716:ERROR:process_memory_win.cc(73)] ReadMemory at 0x23c7af2fbe0 of 512 bytes failed: Seule une partie d’une requête ReadProcessMemory ou WriteProcessMemory a été effectuée. (0x12B)
[0523/122929.716:ERROR:process_memory_win.cc(73)] ReadMemory at 0x23c7b057120 of 512 bytes failed: Seule une partie d’une requête ReadProcessMemory ou WriteProcessMemory a été effectuée. (0x12B)
[0523/122929.716:ERROR:process_memory_win.cc(73)] ReadMemory at 0x23d080b0000 of 416 bytes failed: Seule une partie d’une requête ReadProcessMemory ou WriteProcessMemory a été effectuée. (0x12B)
[0523/122929.716:ERROR:process_memory_win.cc(73)] ReadMemory at 0x23d08478c80 of 512 bytes failed: Seule une partie d’une requête ReadProcessMemory ou WriteProcessMemory a été effectuée. (0x12B)
[0523/122929.716:ERROR:process_memory_win.cc(73)] ReadMemory at 0x23d084ba000 of 400 bytes failed: Seule une partie d’une requête ReadProcessMemory ou WriteProcessMemory a été effectuée. (0x12B)
[0523/122929.716:ERROR:process_memory_win.cc(73)] ReadMemory at 0x23d084f77f0 of 528 bytes failed: Seule une partie d’une requête ReadProcessMemory ou WriteProcessMemory a été effectuée. (0x12B)
[0523/122929.716:ERROR:process_memory_win.cc(73)] ReadMemory at 0x23d12b60000 of 384 bytes failed: Seule une partie d’une requête ReadProcessMemory ou WriteProcessMemory a été effectuée. (0x12B)
[0523/122929.717:ERROR:process_memory_win.cc(73)] ReadMemory at 0x23d81f1f1b0 of 512 bytes failed: Seule une partie d’une requête ReadProcessMemory ou WriteProcessMemory a été effectuée. (0x12B)
[0523/122929.717:ERROR:process_memory_win.cc(73)] ReadMemory at 0x8fc68d51f80 of 512 bytes failed: Seule une partie d’une requête ReadProcessMemory ou WriteProcessMemory a été effectuée. (0x12B)
[0523/122929.717:ERROR:process_memory_win.cc(73)] ReadMemory at 0x8fc69b30380 of 512 bytes failed: Seule une partie d’une requête ReadProcessMemory ou WriteProcessMemory a été effectuée. (0x12B)
[0523/122929.717:ERROR:process_memory_win.cc(73)] ReadMemory at 0x7ffb878d47f0 of 512 bytes failed: Seule une partie d’une requête ReadProcessMemory ou WriteProcessMemory a été effectuée. (0x12B)
[0523/122929.717:ERROR:process_memory_win.cc(73)] ReadMemory at 0x7ffb9e4c7a55 of 512 bytes failed: Seule une partie d’une requête ReadProcessMemory ou WriteProcessMemory a été effectuée. (0x12B)
[0523/122929.717:ERROR:process_memory_win.cc(73)] ReadMemory at 0x7ffb9e4c8245 of 512 bytes failed: Seule une partie d’une requête ReadProcessMemory ou WriteProcessMemory a été effectuée. (0x12B)
[0523/122929.717:ERROR:process_memory_win.cc(73)] ReadMemory at 0x7ffbf3e86e57 of 512 bytes failed: Seule une partie d’une requête ReadProcessMemory ou WriteProcessMemory a été effectuée. (0x12B)
[0523/122929.717:ERROR:process_memory_win.cc(73)] ReadMemory at 0x7ffbf3e979f0 of 512 bytes failed: Seule une partie d’une requête ReadProcessMemory ou WriteProcessMemory a été effectuée. (0x12B)
[0523/122929.717:ERROR:process_memory_win.cc(73)] ReadMemory at 0x7ffbf3e982e0 of 512 bytes failed: Seule une partie d’une requête ReadProcessMemory ou WriteProcessMemory a été effectuée. (0x12B)
[0523/122929.717:ERROR:process_memory_win.cc(73)] ReadMemory at 0x7ffbf3e9a0d0 of 512 bytes failed: Seule une partie d’une requête ReadProcessMemory ou WriteProcessMemory a été effectuée. (0x12B)
[0523/122929.717:ERROR:process_memory_win.cc(73)] ReadMemory at 0x7ffbf3f0a9a4 of 672 bytes failed: Seule une partie d’une requête ReadProcessMemory ou WriteProcessMemory a été effectuée. (0x12B)
[0523/122929.717:ERROR:process_memory_win.cc(73)] ReadMemory at 0x7ffbf3f0e214 of 608 bytes failed: Seule une partie d’une requête ReadProcessMemory ou WriteProcessMemory a été effectuée. (0x12B)
[0523/122929.717:ERROR:process_memory_win.cc(73)] ReadMemory at 0x7ffbf3f89480 of 512 bytes failed: Seule une partie d’une requête ReadProcessMemory ou WriteProcessMemory a été effectuée. (0x12B)
[0523/122929.717:ERROR:process_memory_win.cc(73)] ReadMemory at 0x7ffbf3f902e0 of 18 bytes failed: Seule une partie d’une requête ReadProcessMemory ou WriteProcessMemory a été effectuée. (0x12B)
[0523/122929.717:ERROR:process_memory_win.cc(73)] ReadMemory at 0x7ffbf3fc65b0 of 40 bytes failed: Seule une partie d’une requête ReadProcessMemory ou WriteProcessMemory a été effectuée. (0x12B)
[0523/122929.717:ERROR:process_memory_win.cc(73)] ReadMemory at 0x7ffbf3fc6a08 of 48 bytes failed: Seule une partie d’une requête ReadProcessMemory ou WriteProcessMemory a été effectuée. (0x12B)
[0523/122929.717:ERROR:process_memory_win.cc(73)] ReadMemory at 0x7ffbf3fcc360 of 64 bytes failed: Seule une partie d’une requête ReadProcessMemory ou WriteProcessMemory a été effectuée. (0x12B)
[0523/122930.180:ERROR:scoped_process_suspend.cc(40)] NtResumeProcess: Tentative d’accès à un processus en cours d’arrêt. (0xc000010a)
